<?xml version="1.0" encoding="UTF-8"?>
<testsuite xmlns:xsi="http://www.w3.org/2001/XMLSchema-instance" xsi:noNamespaceSchemaLocation="https://maven.apache.org/surefire/maven-surefire-plugin/xsd/surefire-test-report-3.0.xsd" version="3.0" name="com.example.voucher.common.VoucherCodeUtilTest" time="0.106" tests="5" errors="0" skipped="0" failures="0">
  <properties>
[...]
</properties>
  <testcase name="generate_shouldEndWith4DigitChecksum" classname="com.example.voucher.common.VoucherCodeUtilTest" time="0.1"/>
  <testcase name="generate_shouldStartWithPrefix" classname="com.example.voucher.common.VoucherCodeUtilTest" time="0.001"/>
  <testcase name="generate_customPrefix_shouldUseGivenPrefix" classname="com.example.voucher.common.VoucherCodeUtilTest" time="0.0"/>
  <testcase name="generate_shouldProduceUniqueCodes" classname="com.example.voucher.common.VoucherCodeUtilTest" time="0.001"/>
  <testcase name="generate_shouldReturn32CharCode" classname="com.example.voucher.common.VoucherCodeUtilTest" time="0.001"/>
</testsuite>